Performing C SOURCE FILE Test CMAKE_HAVE_LIBC_PTHREAD failed with the following output:
Change Dir: /home/artem/Documents/ASIO_PRACTICE/build/CMakeFiles/CMakeTmp

Run Build Command(s):/usr/bin/make cmTC_786ed/fast && /usr/bin/make -f CMakeFiles/cmTC_786ed.dir/build.make CMakeFiles/cmTC_786ed.dir/build
make[1]: Entering directory '/home/artem/Documents/ASIO_PRACTICE/build/CMakeFiles/CMakeTmp'
Building C object CMakeFiles/cmTC_786ed.dir/src.c.o
/usr/bin/gcc   -DCMAKE_HAVE_LIBC_PTHREAD   -o CMakeFiles/cmTC_786ed.dir/src.c.o   -c /home/artem/Documents/ASIO_PRACTICE/build/CMakeFiles/CMakeTmp/src.c
Linking C executable cmTC_786ed
/usr/bin/cmake -E cmake_link_script CMakeFiles/cmTC_786ed.dir/link.txt --verbose=1
/usr/bin/gcc  -DCMAKE_HAVE_LIBC_PTHREAD    -rdynamic CMakeFiles/cmTC_786ed.dir/src.c.o  -o cmTC_786ed 
/usr/bin/ld: CMakeFiles/cmTC_786ed.dir/src.c.o: in function `main':
src.c:(.text+0x46): undefined reference to `pthread_create'
/usr/bin/ld: src.c:(.text+0x52): undefined reference to `pthread_detach'
/usr/bin/ld: src.c:(.text+0x63): undefined reference to `pthread_join'
collect2: error: ld returned 1 exit status
make[1]: *** [CMakeFiles/cmTC_786ed.dir/build.make:87: cmTC_786ed] Error 1
make[1]: Leaving directory '/home/artem/Documents/ASIO_PRACTICE/build/CMakeFiles/CMakeTmp'
make: *** [Makefile:121: cmTC_786ed/fast] Error 2


Source file was:
#include <pthread.h>

void* test_func(void* data)
{
  return data;
}

int main(void)
{
  pthread_t thread;
  pthread_create(&thread, NULL, test_func, NULL);
  pthread_detach(thread);
  pthread_join(thread, NULL);
  pthread_atfork(NULL, NULL, NULL);
  pthread_exit(NULL);

  return 0;
}

Determining if the function pthread_create exists in the pthreads failed with the following output:
Change Dir: /home/artem/Documents/ASIO_PRACTICE/build/CMakeFiles/CMakeTmp

Run Build Command(s):/usr/bin/make cmTC_aa5c1/fast && /usr/bin/make -f CMakeFiles/cmTC_aa5c1.dir/build.make CMakeFiles/cmTC_aa5c1.dir/build
make[1]: Entering directory '/home/artem/Documents/ASIO_PRACTICE/build/CMakeFiles/CMakeTmp'
Building C object CMakeFiles/cmTC_aa5c1.dir/CheckFunctionExists.c.o
/usr/bin/gcc   -DCHECK_FUNCTION_EXISTS=pthread_create   -o CMakeFiles/cmTC_aa5c1.dir/CheckFunctionExists.c.o   -c /usr/share/cmake-3.16/Modules/CheckFunctionExists.c
Linking C executable cmTC_aa5c1
/usr/bin/cmake -E cmake_link_script CMakeFiles/cmTC_aa5c1.dir/link.txt --verbose=1
/usr/bin/gcc  -DCHECK_FUNCTION_EXISTS=pthread_create    -rdynamic CMakeFiles/cmTC_aa5c1.dir/CheckFunctionExists.c.o  -o cmTC_aa5c1  -lpthreads 
/usr/bin/ld: cannot find -lpthreads
collect2: error: ld returned 1 exit status
make[1]: *** [CMakeFiles/cmTC_aa5c1.dir/build.make:87: cmTC_aa5c1] Error 1
make[1]: Leaving directory '/home/artem/Documents/ASIO_PRACTICE/build/CMakeFiles/CMakeTmp'
make: *** [Makefile:121: cmTC_aa5c1/fast] Error 2



Determining if the include file pthread.h exists failed with the following output:
Change Dir: C:/Users/Temas/Documents/repos_vs_code/FServer2.0/build/CMakeFiles/CMakeTmp

Run Build Command(s):C:/Program Files/Microsoft Visual Studio/2022/Community/MSBuild/Current/Bin/amd64/MSBuild.exe cmTC_d25de.vcxproj /p:Configuration=Debug /p:Platform=x64 /p:VisualStudioVersion=17.0 /v:m && MSBuild version 17.3.1+2badb37d1 for .NET Framework
  Оптимизирующий компилятор Microsoft (R) C/C++ версии 19.33.31629 для x64
  CheckIncludeFile.c
  (C) Корпорация Майкрософт (Microsoft Corporation).  Все права защищены.
  cl /c /Zi /W3 /WX- /diagnostics:column /Od /Ob0 /D _MBCS /D WIN32 /D _WINDOWS /D "CMAKE_INTDIR=\"Debug\"" /Gm- /RTC1 /MDd /GS /fp:precise /Zc:wchar_t /Zc:forScope /Zc:inline /Fo"cmTC_d25de.dir\Debug\\" /Fd"cmTC_d25de.dir\Debug\vc143.pdb" /external:W3 /Gd /TC /errorReport:queue C:\Users\Temas\Documents\repos_vs_code\FServer2.0\build\CMakeFiles\CMakeTmp\CheckIncludeFile.c
C:\Users\Temas\Documents\repos_vs_code\FServer2.0\build\CMakeFiles\CMakeTmp\CheckIncludeFile.c(1,10): fatal  error C1083: Не удается открыть файл включение: pthread.h: No such file or directory, [C:\Users\Temas\Documents\repos_vs_code\FServer2.0\build\CMakeFiles\CMakeTmp\cmTC_d25de.vcxproj]



